<?xml version="1.0" encoding="UTF-8"?>
<testng-results ignored="0" total="2" passed="2" failed="0" skipped="0">
  <reporter-output>
  </reporter-output>
  <suite started-at="2020-04-16T17:05:05 IST" name="Suite" finished-at="2020-04-16T17:05:50 IST" duration-ms="45130">
    <groups>
    </groups>
    <test started-at="2020-04-16T17:05:05 IST" name="Test" finished-at="2020-04-16T17:05:50 IST" duration-ms="45130">
      <class name="test.SecondPageTest">
        <test-method is-config="true" signature="setup()[pri:0, instance:test.SecondPageTest@2f177a4b]" started-at="2020-04-16T17:05:30 IST" name="setup" finished-at="2020-04-16T17:05:47 IST" duration-ms="16649" status="PASS">
          <reporter-output>
          </reporter-output>
        </test-method> <!-- setup -->
        <test-method signature="test2()[pri:0, instance:test.SecondPageTest@2f177a4b]" started-at="2020-04-16T17:05:47 IST" name="test2" finished-at="2020-04-16T17:05:50 IST" duration-ms="3355" status="PASS">
          <reporter-output>
          </reporter-output>
        </test-method> <!-- test2 -->
      </class> <!-- test.SecondPageTest -->
      <class name="test.FirstPageTest">
        <test-method is-config="true" signature="setup()[pri:0, instance:test.FirstPageTest@29176cc1]" started-at="2020-04-16T17:05:05 IST" name="setup" finished-at="2020-04-16T17:05:24 IST" duration-ms="19142" status="PASS">
          <reporter-output>
          </reporter-output>
        </test-method> <!-- setup -->
        <test-method signature="test1()[pri:0, instance:test.FirstPageTest@29176cc1]" started-at="2020-04-16T17:05:24 IST" name="test1" finished-at="2020-04-16T17:05:30 IST" duration-ms="5801" status="PASS">
          <reporter-output>
          </reporter-output>
        </test-method> <!-- test1 -->
      </class> <!-- test.FirstPageTest -->
    </test> <!-- Test -->
  </suite> <!-- Suite -->
</testng-results>
