<?xml version="1.0" encoding="UTF-8"?>
<testng-results ignored="0" total="2" passed="2" failed="0" skipped="0">
  <reporter-output>
  </reporter-output>
  <suite started-at="2020-04-16T16:15:54 IST" name="Suite" finished-at="2020-04-16T16:16:36 IST" duration-ms="41497">
    <groups>
    </groups>
    <test started-at="2020-04-16T16:15:54 IST" name="Test" finished-at="2020-04-16T16:16:36 IST" duration-ms="41497">
      <class name="test.SecondPageTest">
        <test-method is-config="true" signature="setup()[pri:0, instance:test.SecondPageTest@11a9e7c8]" started-at="2020-04-16T16:16:16 IST" name="setup" finished-at="2020-04-16T16:16:31 IST" duration-ms="14814" status="PASS">
          <reporter-output>
          </reporter-output>
        </test-method> <!-- setup -->
        <test-method signature="test2()[pri:0, instance:test.SecondPageTest@11a9e7c8]" started-at="2020-04-16T16:16:31 IST" name="test2" finished-at="2020-04-16T16:16:36 IST" duration-ms="4677" status="PASS">
          <reporter-output>
          </reporter-output>
        </test-method> <!-- test2 -->
      </class> <!-- test.SecondPageTest -->
      <class name="test.FirstPageTest">
        <test-method is-config="true" signature="setup()[pri:0, instance:test.FirstPageTest@3b07a0d6]" started-at="2020-04-16T16:15:54 IST" name="setup" finished-at="2020-04-16T16:16:12 IST" duration-ms="18175" status="PASS">
          <reporter-output>
          </reporter-output>
        </test-method> <!-- setup -->
        <test-method signature="test1()[pri:0, instance:test.FirstPageTest@3b07a0d6]" started-at="2020-04-16T16:16:12 IST" name="test1" finished-at="2020-04-16T16:16:16 IST" duration-ms="3702" status="PASS">
          <reporter-output>
          </reporter-output>
        </test-method> <!-- test1 -->
      </class> <!-- test.FirstPageTest -->
    </test> <!-- Test -->
  </suite> <!-- Suite -->
</testng-results>
